# JRE version: OpenJDK Runtime Environment (17.0.10) (build 17.0.10+0--11572160)
# Java VM: OpenJDK 64-Bit Server VM (17.0.10+0--11572160, mixed mode, tiered, compressed oops, compressed class ptrs, g1 gc, windows-amd64)
GC Precious Log:
 CPUs: 8 total, 8 available
 Memory: 16110M
 Large Page Support: Disabled
 NUMA Support: Disabled
 Compressed Oops: Enabled (32-bit)
 Heap Region Size: 1M
 Heap Min Capacity: 8M
 Heap Initial Capacity: 252M
 Heap Max Capacity: 2G
 Pre-touch: Disabled
 Parallel Workers: 8
 Concurrent Workers: 2
 Concurrent Refinement Workers: 8
 Periodic GC: Disabled
Heap:
 garbage-first heap   total 258048K, used 132504K [0x0000000080000000, 0x0000000100000000)
  region size 1024K, 7 young (7168K), 7 survivors (7168K)
 Metaspace       used 108997K, committed 109952K, reserved 557056K
  class space    used 14989K, committed 15424K, reserved 425984K
GC Heap History (20 events):
Event: 15.344 GC heap after
{Heap after GC invocations=51 (full 0):
 garbage-first heap   total 232448K, used 74825K [0x0000000080000000, 0x0000000100000000)
  region size 1024K, 1 young (1024K), 1 survivors (1024K)
 Metaspace       used 84054K, committed 84736K, reserved 557056K
  class space    used 11388K, committed 11648K, reserved 425984K
}
Event: 20.184 GC heap before
{Heap before GC invocations=51 (full 0):
 garbage-first heap   total 232448K, used 185417K [0x0000000080000000, 0x0000000100000000)
  region size 1024K, 102 young (104448K), 1 survivors (1024K)
 Metaspace       used 91049K, committed 91712K, reserved 557056K
  class space    used 12542K, committed 12800K, reserved 425984K
}
Event: 20.190 GC heap after
{Heap after GC invocations=52 (full 0):
 garbage-first heap   total 232448K, used 97042K [0x0000000080000000, 0x0000000100000000)
  region size 1024K, 13 young (13312K), 13 survivors (13312K)
 Metaspace       used 91049K, committed 91712K, reserved 557056K
  class space    used 12542K, committed 12800K, reserved 425984K
}
Event: 191.118 GC heap before
{Heap before GC invocations=52 (full 0):
 garbage-first heap   total 232448K, used 178962K [0x0000000080000000, 0x0000000100000000)
  region size 1024K, 93 young (95232K), 13 survivors (13312K)
 Metaspace       used 95444K, committed 96256K, reserved 557056K
  class space    used 13207K, committed 13568K, reserved 425984K
}
Event: 191.130 GC heap after
{Heap after GC invocations=53 (full 0):
 garbage-first heap   total 232448K, used 105494K [0x0000000080000000, 0x0000000100000000)
  region size 1024K, 9 young (9216K), 9 survivors (9216K)
 Metaspace       used 95444K, committed 96256K, reserved 557056K
  class space    used 13207K, committed 13568K, reserved 425984K
}
Event: 194.910 GC heap before
{Heap before GC invocations=53 (full 0):
 garbage-first heap   total 232448K, used 178198K [0x0000000080000000, 0x0000000100000000)
  region size 1024K, 81 young (82944K), 9 survivors (9216K)
 Metaspace       used 96968K, committed 97792K, reserved 557056K
  class space    used 13378K, committed 13760K, reserved 425984K
}
Event: 194.925 GC heap after
{Heap after GC invocations=54 (full 0):
 garbage-first heap   total 232448K, used 116889K [0x0000000080000000, 0x0000000100000000)
  region size 1024K, 11 young (11264K), 11 survivors (11264K)
 Metaspace       used 96968K, committed 97792K, reserved 557056K
  class space    used 13378K, committed 13760K, reserved 425984K
}
Event: 195.619 GC heap before
{Heap before GC invocations=54 (full 0):
 garbage-first heap   total 232448K, used 181401K [0x0000000080000000, 0x0000000100000000)
  region size 1024K, 74 young (75776K), 11 survivors (11264K)
 Metaspace       used 101184K, committed 101952K, reserved 557056K
  class space    used 13957K, committed 14272K, reserved 425984K
}
Event: 195.630 GC heap after
{Heap after GC invocations=55 (full 0):
 garbage-first heap   total 232448K, used 121520K [0x0000000080000000, 0x0000000100000000)
  region size 1024K, 5 young (5120K), 5 survivors (5120K)
 Metaspace       used 101184K, committed 101952K, reserved 557056K
  class space    used 13957K, committed 14272K, reserved 425984K
}
Event: 200.749 GC heap before
{Heap before GC invocations=56 (full 0):
 garbage-first heap   total 232448K, used 186032K [0x0000000080000000, 0x0000000100000000)
  region size 1024K, 68 young (69632K), 5 survivors (5120K)
 Metaspace       used 103174K, committed 104000K, reserved 557056K
  class space    used 14207K, committed 14592K, reserved 425984K
}
Event: 200.758 GC heap after
{Heap after GC invocations=57 (full 0):
 garbage-first heap   total 232448K, used 130048K [0x0000000080000000, 0x0000000100000000)
  region size 1024K, 9 young (9216K), 9 survivors (9216K)
 Metaspace       used 103174K, committed 104000K, reserved 557056K
  class space    used 14207K, committed 14592K, reserved 425984K
}
Event: 200.781 GC heap before
{Heap before GC invocations=57 (full 0):
 garbage-first heap   total 232448K, used 132096K [0x0000000080000000, 0x0000000100000000)
  region size 1024K, 11 young (11264K), 9 survivors (9216K)
 Metaspace       used 103191K, committed 104064K, reserved 557056K
  class space    used 14207K, committed 14592K, reserved 425984K
}
Event: 200.791 GC heap after
{Heap after GC invocations=58 (full 0):
 garbage-first heap   total 232448K, used 129326K [0x0000000080000000, 0x0000000100000000)
  region size 1024K, 2 young (2048K), 2 survivors (2048K)
 Metaspace       used 103191K, committed 104064K, reserved 557056K
  class space    used 14207K, committed 14592K, reserved 425984K
}
Event: 204.668 GC heap before
{Heap before GC invocations=58 (full 0):
 garbage-first heap   total 232448K, used 185646K [0x0000000080000000, 0x0000000100000000)
  region size 1024K, 58 young (59392K), 2 survivors (2048K)
 Metaspace       used 104580K, committed 105536K, reserved 557056K
  class space    used 14405K, committed 14848K, reserved 425984K
}
Event: 204.679 GC heap after
{Heap after GC invocations=59 (full 0):
 garbage-first heap   total 232448K, used 137216K [0x0000000080000000, 0x0000000100000000)
  region size 1024K, 8 young (8192K), 8 survivors (8192K)
 Metaspace       used 104580K, committed 105536K, reserved 557056K
  class space    used 14405K, committed 14848K, reserved 425984K
}
Event: 205.503 GC heap before
{Heap before GC invocations=60 (full 0):
 garbage-first heap   total 232448K, used 183296K [0x0000000080000000, 0x0000000100000000)
  region size 1024K, 57 young (58368K), 8 survivors (8192K)
 Metaspace       used 108166K, committed 109120K, reserved 557056K
  class space    used 14891K, committed 15296K, reserved 425984K
}
Event: 205.517 GC heap after
{Heap after GC invocations=61 (full 0):
 garbage-first heap   total 232448K, used 139934K [0x0000000080000000, 0x0000000100000000)
  region size 1024K, 7 young (7168K), 7 survivors (7168K)
 Metaspace       used 108166K, committed 109120K, reserved 557056K
  class space    used 14891K, committed 15296K, reserved 425984K
}
Event: 205.558 GC heap before
{Heap before GC invocations=61 (full 0):
 garbage-first heap   total 232448K, used 144030K [0x0000000080000000, 0x0000000100000000)
  region size 1024K, 11 young (11264K), 7 survivors (7168K)
 Metaspace       used 108224K, committed 109120K, reserved 557056K
  class space    used 14895K, committed 15296K, reserved 425984K
}
Event: 205.569 GC heap after
{Heap after GC invocations=62 (full 0):
 garbage-first heap   total 232448K, used 127604K [0x0000000080000000, 0x0000000100000000)
  region size 1024K, 2 young (2048K), 2 survivors (2048K)
 Metaspace       used 108224K, committed 109120K, reserved 557056K
  class space    used 14895K, committed 15296K, reserved 425984K
}
Event: 206.227 GC heap before
{Heap before GC invocations=62 (full 0):
 garbage-first heap   total 232448K, used 184948K [0x0000000080000000, 0x0000000100000000)
  region size 1024K, 59 young (60416K), 2 survivors (2048K)
 Metaspace       used 108997K, committed 109952K, reserved 557056K
  class space    used 14989K, committed 15424K, reserved 425984K
}

